# JRE version: OpenJDK Runtime Environment (8.0_212-b01) (build 1.8.0_212-b01)
# Java VM: OpenJDK 64-Bit Server VM (25.212-b01 mixed mode linux-amd64 compressed oops)
Heap:
 PSYoungGen      total 297472K, used 40443K [0x00000000eab00000, 0x0000000100000000, 0x0000000100000000)
  eden space 245760K, 0% used [0x00000000eab00000,0x00000000eab00000,0x00000000f9b00000)
  from space 51712K, 78% used [0x00000000f9b00000,0x00000000fc27ef10,0x00000000fcd80000)
  to   space 51712K, 0% used [0x00000000fcd80000,0x00000000fcd80000,0x0000000100000000)
 ParOldGen       total 174592K, used 166538K [0x00000000c0000000, 0x00000000caa80000, 0x00000000eab00000)
  object space 174592K, 95% used [0x00000000c0000000,0x00000000ca2a2a68,0x00000000caa80000)
 Metaspace       used 92927K, capacity 98686K, committed 98988K, reserved 1134592K
  class space    used 11912K, capacity 13420K, committed 13484K, reserved 1048576K
GC Heap History (10 events):
Event: 106.957 GC heap after
Heap after GC invocations=27 (full 4):
 PSYoungGen      total 301056K, used 24196K [0x00000000eab00000, 0x0000000100000000, 0x0000000100000000)
  eden space 256000K, 0% used [0x00000000eab00000,0x00000000eab00000,0x00000000fa500000)
  from space 45056K, 53% used [0x00000000fa500000,0x00000000fbca1008,0x00000000fd100000)
  to   space 44544K, 0% used [0x00000000fd480000,0x00000000fd480000,0x0000000100000000)
 ParOldGen       total 135680K, used 96959K [0x00000000c0000000, 0x00000000c8480000, 0x00000000eab00000)
  object space 135680K, 71% used [0x00000000c0000000,0x00000000c5eafff0,0x00000000c8480000)
 Metaspace       used 90989K, capacity 96542K, committed 96684K, reserved 1132544K
  class space    used 11686K, capacity 13172K, committed 13228K, reserved 1048576K
}
Event: 113.719 GC heap before
{Heap before GC invocations=28 (full 4):
 PSYoungGen      total 301056K, used 280196K [0x00000000eab00000, 0x0000000100000000, 0x0000000100000000)
  eden space 256000K, 100% used [0x00000000eab00000,0x00000000fa500000,0x00000000fa500000)
  from space 45056K, 53% used [0x00000000fa500000,0x00000000fbca1008,0x00000000fd100000)
  to   space 44544K, 0% used [0x00000000fd480000,0x00000000fd480000,0x0000000100000000)
 ParOldGen       total 135680K, used 96959K [0x00000000c0000000, 0x00000000c8480000, 0x00000000eab00000)
  object space 135680K, 71% used [0x00000000c0000000,0x00000000c5eafff0,0x00000000c8480000)
 Metaspace       used 91948K, capacity 97730K, committed 97836K, reserved 1134592K
  class space    used 11809K, capacity 13334K, committed 13356K, reserved 1048576K
Event: 113.742 GC heap after
Heap after GC invocations=28 (full 4):
 PSYoungGen      total 302592K, used 5057K [0x00000000eab00000, 0x00000000ffe80000, 0x0000000100000000)
  eden space 259584K, 0% used [0x00000000eab00000,0x00000000eab00000,0x00000000fa880000)
  from space 43008K, 11% used [0x00000000fd480000,0x00000000fd970740,0x00000000ffe80000)
  to   space 44032K, 0% used [0x00000000fa880000,0x00000000fa880000,0x00000000fd380000)
 ParOldGen       total 135680K, used 97272K [0x00000000c0000000, 0x00000000c8480000, 0x00000000eab00000)
  object space 135680K, 71% used [0x00000000c0000000,0x00000000c5efe030,0x00000000c8480000)
 Metaspace       used 91948K, capacity 97730K, committed 97836K, reserved 1134592K
  class space    used 11809K, capacity 13334K, committed 13356K, reserved 1048576K
}
Event: 127.585 GC heap before
{Heap before GC invocations=29 (full 4):
 PSYoungGen      total 302592K, used 264186K [0x00000000eab00000, 0x00000000ffe80000, 0x0000000100000000)
  eden space 259584K, 99% used [0x00000000eab00000,0x00000000fa80e190,0x00000000fa880000)
  from space 43008K, 11% used [0x00000000fd480000,0x00000000fd970740,0x00000000ffe80000)
  to   space 44032K, 0% used [0x00000000fa880000,0x00000000fa880000,0x00000000fd380000)
 ParOldGen       total 135680K, used 97272K [0x00000000c0000000, 0x00000000c8480000, 0x00000000eab00000)
  object space 135680K, 71% used [0x00000000c0000000,0x00000000c5efe030,0x00000000c8480000)
 Metaspace       used 92312K, capacity 98140K, committed 98348K, reserved 1134592K
  class space    used 11847K, capacity 13349K, committed 13356K, reserved 1048576K
Event: 127.608 GC heap after
Heap after GC invocations=29 (full 4):
 PSYoungGen      total 303616K, used 2787K [0x00000000eab00000, 0x0000000100000000, 0x0000000100000000)
  eden space 259584K, 0% used [0x00000000eab00000,0x00000000eab00000,0x00000000fa880000)
  from space 44032K, 6% used [0x00000000fa880000,0x00000000fab38ee0,0x00000000fd380000)
  to   space 44032K, 0% used [0x00000000fd500000,0x00000000fd500000,0x0000000100000000)
 ParOldGen       total 135680K, used 98528K [0x00000000c0000000, 0x00000000c8480000, 0x00000000eab00000)
  object space 135680K, 72% used [0x00000000c0000000,0x00000000c60380e0,0x00000000c8480000)
 Metaspace       used 92312K, capacity 98140K, committed 98348K, reserved 1134592K
  class space    used 11847K, capacity 13349K, committed 13356K, reserved 1048576K
}
Event: 130.960 GC heap before
{Heap before GC invocations=30 (full 4):
 PSYoungGen      total 303616K, used 261867K [0x00000000eab00000, 0x0000000100000000, 0x0000000100000000)
  eden space 259584K, 99% used [0x00000000eab00000,0x00000000fa802018,0x00000000fa880000)
  from space 44032K, 6% used [0x00000000fa880000,0x00000000fab38ee0,0x00000000fd380000)
  to   space 44032K, 0% used [0x00000000fd500000,0x00000000fd500000,0x0000000100000000)
 ParOldGen       total 135680K, used 98528K [0x00000000c0000000, 0x00000000c8480000, 0x00000000eab00000)
  object space 135680K, 72% used [0x00000000c0000000,0x00000000c60380e0,0x00000000c8480000)
 Metaspace       used 92945K, capacity 98870K, committed 98988K, reserved 1134592K
  class space    used 11935K, capacity 13460K, committed 13484K, reserved 1048576K
Event: 130.994 GC heap after
Heap after GC invocations=30 (full 4):
 PSYoungGen      total 289792K, used 43468K [0x00000000eab00000, 0x0000000100000000, 0x0000000100000000)
  eden space 245760K, 0% used [0x00000000eab00000,0x00000000eab00000,0x00000000f9b00000)
  from space 44032K, 98% used [0x00000000fd500000,0x00000000fff732a0,0x0000000100000000)
  to   space 51712K, 0% used [0x00000000f9b00000,0x00000000f9b00000,0x00000000fcd80000)
 ParOldGen       total 135680K, used 98772K [0x00000000c0000000, 0x00000000c8480000, 0x00000000eab00000)
  object space 135680K, 72% used [0x00000000c0000000,0x00000000c6075190,0x00000000c8480000)
 Metaspace       used 92945K, capacity 98870K, committed 98988K, reserved 1134592K
  class space    used 11935K, capacity 13460K, committed 13484K, reserved 1048576K
}
Event: 133.041 GC heap before
{Heap before GC invocations=31 (full 4):
 PSYoungGen      total 289792K, used 285186K [0x00000000eab00000, 0x0000000100000000, 0x0000000100000000)
  eden space 245760K, 98% used [0x00000000eab00000,0x00000000f970d8b0,0x00000000f9b00000)
  from space 44032K, 98% used [0x00000000fd500000,0x00000000fff732a0,0x0000000100000000)
  to   space 51712K, 0% used [0x00000000f9b00000,0x00000000f9b00000,0x00000000fcd80000)
 ParOldGen       total 135680K, used 98772K [0x00000000c0000000, 0x00000000c8480000, 0x00000000eab00000)
  object space 135680K, 72% used [0x00000000c0000000,0x00000000c6075190,0x00000000c8480000)
 Metaspace       used 93002K, capacity 98892K, committed 98988K, reserved 1134592K
  class space    used 11938K, capacity 13465K, committed 13484K, reserved 1048576K
Event: 133.164 GC heap after
Heap after GC invocations=31 (full 4):
 PSYoungGen      total 297472K, used 51710K [0x00000000eab00000, 0x0000000100000000, 0x0000000100000000)
  eden space 245760K, 0% used [0x00000000eab00000,0x00000000eab00000,0x00000000f9b00000)
  from space 51712K, 99% used [0x00000000f9b00000,0x00000000fcd7f978,0x00000000fcd80000)
  to   space 51712K, 0% used [0x00000000fcd80000,0x00000000fcd80000,0x0000000100000000)
 ParOldGen       total 174592K, used 174369K [0x00000000c0000000, 0x00000000caa80000, 0x00000000eab00000)
  object space 174592K, 99% used [0x00000000c0000000,0x00000000caa48410,0x00000000caa80000)
 Metaspace       used 93002K, capacity 98892K, committed 98988K, reserved 1134592K
  class space    used 11938K, capacity 13465K, committed 13484K, reserved 1048576K
}
Event: 133.478 GC heap before
{Heap before GC invocations=32 (full 5):
 PSYoungGen      total 297472K, used 51710K [0x00000000eab00000, 0x0000000100000000, 0x0000000100000000)
  eden space 245760K, 0% used [0x00000000eab00000,0x00000000eab00000,0x00000000f9b00000)
  from space 51712K, 99% used [0x00000000f9b00000,0x00000000fcd7f978,0x00000000fcd80000)
  to   space 51712K, 0% used [0x00000000fcd80000,0x00000000fcd80000,0x0000000100000000)
 ParOldGen       total 174592K, used 174369K [0x00000000c0000000, 0x00000000caa80000, 0x00000000eab00000)
  object space 174592K, 99% used [0x00000000c0000000,0x00000000caa48410,0x00000000caa80000)
 Metaspace       used 93002K, capacity 98892K, committed 98988K, reserved 1134592K
  class space    used 11938K, capacity 13465K, committed 13484K, reserved 1048576K

